
==========================================================
                     GCC Compiler                         
      Date:   Tue Sep 20 16:36:00 IST 2022                                      
==========================================================

--------------------- gcc@11.2.0  ------------------------------

==========================================================
    Libraries with oneapi@2022.1.0 Compiler 
      Date:   Wed Sep 21 10:37:15 IST 2022                                      
==========================================================

--------------------- git  ------------------------------

Installation Command : spack install  -j8 -v  git %oneapi@2022.1.0   

FAIL: Please check the logs of git
----------------------------------------------
--------------------- fftw  ------------------------------

Installation Command : spack install  -j8 -v  fftw %oneapi@2022.1.0   

OK: fftw  has been installed Successfully !
--------------------- tcl  ------------------------------

Installation Command : spack install  -j8 -v  tcl %oneapi@2022.1.0   

OK: tcl  has been installed Successfully !
--------------------- tk  ------------------------------

Installation Command : spack install  -j8 -v  tk %oneapi@2022.1.0   

OK: tk  has been installed Successfully !
--------------------- patch  ------------------------------

Installation Command : spack install  -j8 -v   patch %oneapi@2022.1.0   

OK: patch  has been installed Successfully !
--------------------- netcdf-cxx  ------------------------------

Installation Command : spack install  -j8 -v  netcdf-cxx %oneapi@2022.1.0   

OK: netcdf-cxx  has been installed Successfully !

==========================================================
    Molecular Dynamics Applications with oneapi@2022.1.0 Compiler 
      Date:   Wed Sep 21 12:29:46 IST 2022                                      
==========================================================

--------------------- gromacs ------------------------------

Installation Command : spack install  -v -j 8 gromacs %oneapi@2022.1.0  

OK: gromacs has been installed Successfully !
--------------------- gromacs +cuda ------------------------------

Installation Command : spack install  -v -j 8 gromacs %oneapi@2022.1.0  +cuda 

FAIL: Please check the logs of gromacs+cuda
----------------------------------------------
--------------------- gromacs@2020.4 ^plumed  ------------------------------

Installation Command : spack install  -v -j 8 gromacs@2020.4 %oneapi@2022.1.0  ^plumed  

FAIL: Please check the logs of gromacs+plumed
----------------------------------------------
--------------------- lammps ------------------------------

Installation Command : spack install  -v -j 8 lammps %oneapi@2022.1.0  

OK: lammps has been installed Successfully !
--------------------- lammps ^plumed  ------------------------------

Installation Command : spack install  -v -j 8 lammps %oneapi@2022.1.0  ^plumed  

OK: lammps ^plumed  has been installed Successfully !
--------------------- namd@2.13 ------------------------------

Installation Command : spack install  -v -j 8 namd@2.13 %oneapi@2022.1.0  

FAIL: Please check the logs of namd@2.13
----------------------------------------------
--------------------- namd@2.13 +cuda  ------------------------------

Installation Command : spack install  -v -j 8 namd@2.13 %oneapi@2022.1.0  +cuda  

FAIL: Please check the logs of namd@2.13+cuda
----------------------------------------------

==========================================================
    Bio-Informatics Applications with oneapi@2022.1.0 Compiler 
      Date:   Wed Sep 21 15:00:34 IST 2022                                      
==========================================================

--------------------- mummer ------------------------------

Installation Command : spack install  -v -j8 mummer %oneapi@2022.1.0  

FAIL: Please check the logs of mummer
----------------------------------------------
--------------------- hmmer  ------------------------------

Installation Command : spack install  -v -j8   hmmer %oneapi@2022.1.0   

OK: hmmer  has been installed Successfully !
--------------------- meme  ------------------------------

Installation Command : spack install  -v -j8  meme %oneapi@2022.1.0   

FAIL: Please check the logs of meme
----------------------------------------------
--------------------- clustalw ------------------------------

Installation Command : spack install  -v -j8  clustalw %oneapi@2022.1.0  

OK: clustalw has been installed Successfully !

==========================================================
    CFD Applications with oneapi@2022.1.0 Compiler 
      Date:   Wed Sep 21 15:23:16 IST 2022                                      
==========================================================

--------------------- openfoam-org  ------------------------------

Installation Command : spack install  -v -j 8 openfoam-org %oneapi@2022.1.0   

OK: openfoam-org  has been installed Successfully !
--------------------- openfoam@2206 +metis  ------------------------------

Installation Command : spack install  -v -j 8 openfoam@2206 %oneapi@2022.1.0  +metis  

FAIL: Please check the logs of openfoam
----------------------------------------------
--------------------- su2  ------------------------------

Installation Command : spack install  -v -j 8 su2 %oneapi@2022.1.0   

OK: su2  has been installed Successfully !

==========================================================
    Material Science Applications with oneapi@2022.1.0 Compiler 
      Date:   Wed Sep 21 16:19:21 IST 2022                                      
==========================================================

--------------------- quantum-espresso ^bison@3.8.2%oneapi@2022.1.0 ^openmpi ^git@2.37.0   ------------------------------

Installation Command : spack install   quantum-espresso %oneapi@2022.1.0  ^bison@3.8.2%oneapi@2022.1.0 ^openmpi ^git@2.37.0   

FAIL: Please check the logs of quantum-espresso
----------------------------------------------
--------------------- cp2k smm=blas ^fftw+openmp ^openblas threads=openmp ^openmpi  ------------------------------

Installation Command : spack install  -v  cp2k %oneapi@2022.1.0  smm=blas ^fftw+openmp ^openblas threads=openmp ^openmpi  

FAIL: Please check the logs of cp2k
----------------------------------------------
--------------------- nwchem  ------------------------------

Installation Command : spack install   nwchem %oneapi@2022.1.0   

OK: nwchem  has been installed Successfully !
--------------------- abinit@8.10.3 +install-tests+mpi+openmp+scalapack optimization-flavor=standard  ------------------------------

Installation Command : spack install  --no-checksum  abinit@8.10.3 %oneapi@2022.1.0  +install-tests+mpi+openmp+scalapack optimization-flavor=standard  

FAIL: Please check the logs of abinit
----------------------------------------------
siesta%oneapi@2022.1.0 ^openmpi@4.1.3 /646knqu  is already Installed !
----------------------------------------------
--------------------- mumax  ------------------------------

Installation Command : spack install  mumax %oneapi@2022.1.0   

FAIL: Please check the logs of mumax
----------------------------------------------

==========================================================
    Weather and Atmospheric Science Applications with oneapi@2022.1.0 Compiler 
      Date:   Wed Sep 21 18:17:26 IST 2022                                      
==========================================================

--------------------- roms  ------------------------------

Installation Command : spack install  -v -j8  roms %oneapi@2022.1.0   

FAIL: Please check the logs of roms
----------------------------------------------
--------------------- regcm  ------------------------------

Installation Command : spack install  -v -j8  regcm %oneapi@2022.1.0   

OK: regcm  has been installed Successfully !

==========================================================
    Other Applications with oneapi@2022.1.0 Compiler 
      Date:   Wed Sep 21 18:28:47 IST 2022                                      
==========================================================

ninja%oneapi@2022.1.0  is already Installed !
----------------------------------------------
--------------------- athena  ------------------------------

Installation Command : spack install   athena %oneapi@2022.1.0   

OK: athena  has been installed Successfully !
--------------------- prism  ------------------------------

Installation Command : spack install  -v -j4  prism %oneapi@2022.1.0   

OK: prism  has been installed Successfully !
--------------------- octave  ------------------------------

Installation Command : spack install  -v -j4  octave %oneapi@2022.1.0   

FAIL: Please check the logs of octave
----------------------------------------------
--------------------- tau  ------------------------------

Installation Command : spack install  -v -j 8 tau %oneapi@2022.1.0   

OK: tau  has been installed Successfully !
