
==========================================================
                     GCC Compiler                         
==========================================================

--------------------- gcc@11.2.0  ------------------------------

--------------------------------------------------------------
Installation Command :

spack install  -j8 -v  gcc@11.2.0 %gcc@4.8.5  
--------------------------------------------------------------
OK: gcc@11.2.0  has been installed Successfully !
--------------------- gcc@10.3.0  ------------------------------

--------------------------------------------------------------
Installation Command :

spack install  -j8 -v  gcc@10.3.0 %gcc@4.8.5  
--------------------------------------------------------------
OK: gcc@10.3.0  has been installed Successfully !

==========================================================
                     GCC Compiler                         
==========================================================

gcc@11.2.0%gcc@4.8.5  is already Installed !
----------------------------------------------
gcc@10.3.0%gcc@4.8.5  is already Installed !
----------------------------------------------

==========================================================
                     GCC Compiler                         
                    Fri Sep 16 15:19:55 IST 2022                                
==========================================================

gcc@11.2.0%gcc@4.8.5  is already Installed !
----------------------------------------------
gcc@10.3.0%gcc@4.8.5  is already Installed !
----------------------------------------------

==========================================================
                     GCC Compiler                         
        Date:   Fri Sep 16 15:20:48 IST 2022                                    
==========================================================

gcc@11.2.0%gcc@4.8.5  is already Installed !
----------------------------------------------
gcc@10.3.0%gcc@4.8.5  is already Installed !
----------------------------------------------

==========================================================
                     GCC Compiler                         
      Date:   Fri Sep 16 15:21:33 IST 2022                                      
==========================================================

gcc@11.2.0%gcc@4.8.5  is already Installed !
----------------------------------------------
gcc@10.3.0%gcc@4.8.5  is already Installed !
----------------------------------------------

==========================================================
                     GCC Compiler                         
      Date:   Tue Sep 20 16:38:06 IST 2022                                      
==========================================================

gcc@11.2.0%gcc@4.8.5  is already Installed !
----------------------------------------------
gcc@10.3.0%gcc@4.8.5  is already Installed !
----------------------------------------------
