gcc : Installed - 
cmake : Installed - 
autoconf : Installed - 
automake : Installed - 
intel-oneapi-compilers : Installed - 
intel-oneapi-mpi : Installed - 
intel-oneapi-mkl : Installed - 
cuda : Installed - 
nvhpc : Installed - 
python : Installed - 
py-numpy : Installed - 
py-cython : Installed - 
singularity : Installed - 
openmpi : Installed - 
curl : Installed - 
zlib : Installed - 
fftw : Installed - 
tcl : Installed - 
tk : Installed - 
netcdf-c : Installed - 
netcdf-cxx : Installed - 
netcdf-fortran : Installed - 
parallel-netcdf : Installed - 
hdf5 : Installed - 
boost : Installed - 
jasper : Installed - 
git : Installed - 
m4 : Installed - 
openblas : Installed - 
openjdk : Installed - 
pango : Installed - 
plumed : Installed - 
scotch : Installed - 
gromacs : Installed - 
lammps : Installed - 
namd : Installed - 
mummer : Installed - 
hmmer : Installed - 
meme : Installed - 
clustalw : Installed - 
openfoam-org : Installed - 
su2 : Installed - 
nwchem : Installed - 
regcm : Installed - 
pgplot : Installed - 
ninja : Installed - 
phylip : Installed - 
prism : Installed - 
tau : Installed - 
